1
16789
*6789
****6789
1678****
1678*

2
116789
**6789
****6789
1167****
1167**

3
1116789
***6789
****6789
1116****
1116***

4
11116789
****6789
****6789
1111****
1111****

5
111116789
*****6789
****6789
1111****
1111*****

6
1111116789
******6789
****6789
1111****
1111******

7
11111116789
*******6789
****6789
1111****
1111*******

8
111111116789
********6789
****6789
1111****
1111********

9
1111111116789
*********6789
****6789
1111****
1111*********

10
11111111116789
**********6789
****6789
1111****
1111**********

