$VAR1 = [
          'Planet name',
          'Distance (AU)',
          'Mass'
        ];
$VAR1 = [
          'Mercury',
          '0.4',
          '0.055'
        ];
$VAR1 = [
          'Venus',
          '0.7',
          '0.815'
        ];
$VAR1 = [
          'Earth',
          '1',
          '1'
        ];
$VAR1 = [
          'Mars',
          '1.5',
          '0.107'
        ];
$VAR1 = [
          'Ceres',
          '2.77',
          '0.00015'
        ];
$VAR1 = [
          'Jupiter',
          '5.2',
          '318'
        ];
$VAR1 = [
          'Saturn',
          '9.5',
          '95'
        ];
$VAR1 = [
          'Uranus',
          '19.6',
          '14'
        ];
$VAR1 = [
          'Neptune',
          '30',
          '17'
        ];
$VAR1 = [
          'Pluto',
          '39',
          '0.00218'
        ];
$VAR1 = [
          'Charon',
          '39',
          '0.000254'
        ];
